Determining if the pthread_create exist failed with the following output:
Change Dir: /home/pravesh/ros_home/robot_assignment_ws/build/CMakeFiles/CMakeTmp

Run Build Command:"/usr/bin/make" "cmTC_63f5b/fast"
/usr/bin/make -f CMakeFiles/cmTC_63f5b.dir/build.make CMakeFiles/cmTC_63f5b.dir/build
make[1]: Entering directory '/home/pravesh/ros_home/robot_assignment_ws/build/CMakeFiles/CMakeTmp'
Building C object CMakeFiles/cmTC_63f5b.dir/CheckSymbolExists.c.o
/usr/bin/cc     -o CMakeFiles/cmTC_63f5b.dir/CheckSymbolExists.c.o   -c /home/pravesh/ros_home/robot_assignment_ws/build/CMakeFiles/CMakeTmp/CheckSymbolExists.c
Linking C executable cmTC_63f5b
/usr/bin/cmake -E cmake_link_script CMakeFiles/cmTC_63f5b.dir/link.txt --verbose=1
/usr/bin/cc       CMakeFiles/cmTC_63f5b.dir/CheckSymbolExists.c.o  -o cmTC_63f5b -rdynamic 
CMakeFiles/cmTC_63f5b.dir/CheckSymbolExists.c.o: In function `main':
CheckSymbolExists.c:(.text+0x16): undefined reference to `pthread_create'
collect2: error: ld returned 1 exit status
CMakeFiles/cmTC_63f5b.dir/build.make:97: recipe for target 'cmTC_63f5b' failed
make[1]: *** [cmTC_63f5b] Error 1
make[1]: Leaving directory '/home/pravesh/ros_home/robot_assignment_ws/build/CMakeFiles/CMakeTmp'
Makefile:126: recipe for target 'cmTC_63f5b/fast' failed
make: *** [cmTC_63f5b/fast] Error 2

File /home/pravesh/ros_home/robot_assignment_ws/build/CMakeFiles/CMakeTmp/CheckSymbolExists.c:
/* */
#include <pthread.h>

int main(int argc, char** argv)
{
  (void)argv;
#ifndef pthread_create
  return ((int*)(&pthread_create))[argc];
#else
  (void)argc;
  return 0;
#endif
}

Determining if the function pthread_create exists in the pthreads failed with the following output:
Change Dir: /home/pravesh/ros_home/robot_assignment_ws/build/CMakeFiles/CMakeTmp

Run Build Command:"/usr/bin/make" "cmTC_e0ef5/fast"
/usr/bin/make -f CMakeFiles/cmTC_e0ef5.dir/build.make CMakeFiles/cmTC_e0ef5.dir/build
make[1]: Entering directory '/home/pravesh/ros_home/robot_assignment_ws/build/CMakeFiles/CMakeTmp'
Building C object CMakeFiles/cmTC_e0ef5.dir/CheckFunctionExists.c.o
/usr/bin/cc    -DCHECK_FUNCTION_EXISTS=pthread_create   -o CMakeFiles/cmTC_e0ef5.dir/CheckFunctionExists.c.o   -c /usr/share/cmake-3.5/Modules/CheckFunctionExists.c
Linking C executable cmTC_e0ef5
/usr/bin/cmake -E cmake_link_script CMakeFiles/cmTC_e0ef5.dir/link.txt --verbose=1
/usr/bin/cc   -DCHECK_FUNCTION_EXISTS=pthread_create    CMakeFiles/cmTC_e0ef5.dir/CheckFunctionExists.c.o  -o cmTC_e0ef5 -rdynamic -lpthreads 
/usr/bin/ld: cannot find -lpthreads
collect2: error: ld returned 1 exit status
CMakeFiles/cmTC_e0ef5.dir/build.make:97: recipe for target 'cmTC_e0ef5' failed
make[1]: *** [cmTC_e0ef5] Error 1
make[1]: Leaving directory '/home/pravesh/ros_home/robot_assignment_ws/build/CMakeFiles/CMakeTmp'
Makefile:126: recipe for target 'cmTC_e0ef5/fast' failed
make: *** [cmTC_e0ef5/fast] Error 2


Determining if the pthread_create exist failed with the following output:
Change Dir: /home/jaredl/ros_home/Turtle-Bot/build/CMakeFiles/CMakeTmp

Run Build Command:"/usr/bin/make" "cmTC_cc213/fast"
/usr/bin/make -f CMakeFiles/cmTC_cc213.dir/build.make CMakeFiles/cmTC_cc213.dir/build
make[1]: Entering directory '/home/jaredl/ros_home/Turtle-Bot/build/CMakeFiles/CMakeTmp'
Building C object CMakeFiles/cmTC_cc213.dir/CheckSymbolExists.c.o
/usr/bin/cc     -o CMakeFiles/cmTC_cc213.dir/CheckSymbolExists.c.o   -c /home/jaredl/ros_home/Turtle-Bot/build/CMakeFiles/CMakeTmp/CheckSymbolExists.c
Linking C executable cmTC_cc213
/usr/bin/cmake -E cmake_link_script CMakeFiles/cmTC_cc213.dir/link.txt --verbose=1
/usr/bin/cc       CMakeFiles/cmTC_cc213.dir/CheckSymbolExists.c.o  -o cmTC_cc213 -rdynamic 
CMakeFiles/cmTC_cc213.dir/CheckSymbolExists.c.o: In function `main':
CheckSymbolExists.c:(.text+0x16): undefined reference to `pthread_create'
collect2: error: ld returned 1 exit status
CMakeFiles/cmTC_cc213.dir/build.make:97: recipe for target 'cmTC_cc213' failed
make[1]: *** [cmTC_cc213] Error 1
make[1]: Leaving directory '/home/jaredl/ros_home/Turtle-Bot/build/CMakeFiles/CMakeTmp'
Makefile:126: recipe for target 'cmTC_cc213/fast' failed
make: *** [cmTC_cc213/fast] Error 2

File /home/jaredl/ros_home/Turtle-Bot/build/CMakeFiles/CMakeTmp/CheckSymbolExists.c:
/* */
#include <pthread.h>

int main(int argc, char** argv)
{
  (void)argv;
#ifndef pthread_create
  return ((int*)(&pthread_create))[argc];
#else
  (void)argc;
  return 0;
#endif
}

Determining if the function pthread_create exists in the pthreads failed with the following output:
Change Dir: /home/jaredl/ros_home/Turtle-Bot/build/CMakeFiles/CMakeTmp

Run Build Command:"/usr/bin/make" "cmTC_20270/fast"
/usr/bin/make -f CMakeFiles/cmTC_20270.dir/build.make CMakeFiles/cmTC_20270.dir/build
make[1]: Entering directory '/home/jaredl/ros_home/Turtle-Bot/build/CMakeFiles/CMakeTmp'
Building C object CMakeFiles/cmTC_20270.dir/CheckFunctionExists.c.o
/usr/bin/cc    -DCHECK_FUNCTION_EXISTS=pthread_create   -o CMakeFiles/cmTC_20270.dir/CheckFunctionExists.c.o   -c /usr/share/cmake-3.5/Modules/CheckFunctionExists.c
Linking C executable cmTC_20270
/usr/bin/cmake -E cmake_link_script CMakeFiles/cmTC_20270.dir/link.txt --verbose=1
/usr/bin/cc   -DCHECK_FUNCTION_EXISTS=pthread_create    CMakeFiles/cmTC_20270.dir/CheckFunctionExists.c.o  -o cmTC_20270 -rdynamic -lpthreads 
/usr/bin/ld: cannot find -lpthreads
collect2: error: ld returned 1 exit status
CMakeFiles/cmTC_20270.dir/build.make:97: recipe for target 'cmTC_20270' failed
make[1]: *** [cmTC_20270] Error 1
make[1]: Leaving directory '/home/jaredl/ros_home/Turtle-Bot/build/CMakeFiles/CMakeTmp'
Makefile:126: recipe for target 'cmTC_20270/fast' failed
make: *** [cmTC_20270/fast] Error 2


Determining if the pthread_create exist failed with the following output:
Change Dir: /home/jaredl/ros_home/Turtle-Bot/build/CMakeFiles/CMakeTmp

Run Build Command:"/usr/bin/make" "cmTC_403f2/fast"
/usr/bin/make -f CMakeFiles/cmTC_403f2.dir/build.make CMakeFiles/cmTC_403f2.dir/build
make[1]: Entering directory '/home/jaredl/ros_home/Turtle-Bot/build/CMakeFiles/CMakeTmp'
Building C object CMakeFiles/cmTC_403f2.dir/CheckSymbolExists.c.o
/usr/bin/cc     -o CMakeFiles/cmTC_403f2.dir/CheckSymbolExists.c.o   -c /home/jaredl/ros_home/Turtle-Bot/build/CMakeFiles/CMakeTmp/CheckSymbolExists.c
Linking C executable cmTC_403f2
/usr/bin/cmake -E cmake_link_script CMakeFiles/cmTC_403f2.dir/link.txt --verbose=1
/usr/bin/cc       CMakeFiles/cmTC_403f2.dir/CheckSymbolExists.c.o  -o cmTC_403f2 -rdynamic 
CMakeFiles/cmTC_403f2.dir/CheckSymbolExists.c.o: In function `main':
CheckSymbolExists.c:(.text+0x16): undefined reference to `pthread_create'
collect2: error: ld returned 1 exit status
CMakeFiles/cmTC_403f2.dir/build.make:97: recipe for target 'cmTC_403f2' failed
make[1]: *** [cmTC_403f2] Error 1
make[1]: Leaving directory '/home/jaredl/ros_home/Turtle-Bot/build/CMakeFiles/CMakeTmp'
Makefile:126: recipe for target 'cmTC_403f2/fast' failed
make: *** [cmTC_403f2/fast] Error 2

File /home/jaredl/ros_home/Turtle-Bot/build/CMakeFiles/CMakeTmp/CheckSymbolExists.c:
/* */
#include <pthread.h>

int main(int argc, char** argv)
{
  (void)argv;
#ifndef pthread_create
  return ((int*)(&pthread_create))[argc];
#else
  (void)argc;
  return 0;
#endif
}

Determining if the function pthread_create exists in the pthreads failed with the following output:
Change Dir: /home/jaredl/ros_home/Turtle-Bot/build/CMakeFiles/CMakeTmp

Run Build Command:"/usr/bin/make" "cmTC_d8914/fast"
/usr/bin/make -f CMakeFiles/cmTC_d8914.dir/build.make CMakeFiles/cmTC_d8914.dir/build
make[1]: Entering directory '/home/jaredl/ros_home/Turtle-Bot/build/CMakeFiles/CMakeTmp'
Building C object CMakeFiles/cmTC_d8914.dir/CheckFunctionExists.c.o
/usr/bin/cc    -DCHECK_FUNCTION_EXISTS=pthread_create   -o CMakeFiles/cmTC_d8914.dir/CheckFunctionExists.c.o   -c /usr/share/cmake-3.5/Modules/CheckFunctionExists.c
Linking C executable cmTC_d8914
/usr/bin/cmake -E cmake_link_script CMakeFiles/cmTC_d8914.dir/link.txt --verbose=1
/usr/bin/cc   -DCHECK_FUNCTION_EXISTS=pthread_create    CMakeFiles/cmTC_d8914.dir/CheckFunctionExists.c.o  -o cmTC_d8914 -rdynamic -lpthreads 
/usr/bin/ld: cannot find -lpthreads
collect2: error: ld returned 1 exit status
CMakeFiles/cmTC_d8914.dir/build.make:97: recipe for target 'cmTC_d8914' failed
make[1]: *** [cmTC_d8914] Error 1
make[1]: Leaving directory '/home/jaredl/ros_home/Turtle-Bot/build/CMakeFiles/CMakeTmp'
Makefile:126: recipe for target 'cmTC_d8914/fast' failed
make: *** [cmTC_d8914/fast] Error 2


Determining if the pthread_create exist failed with the following output:
Change Dir: /home/jaredl/ros_home/Turtle-Bot/build/CMakeFiles/CMakeTmp

Run Build Command:"/usr/bin/make" "cmTC_28d56/fast"
/usr/bin/make -f CMakeFiles/cmTC_28d56.dir/build.make CMakeFiles/cmTC_28d56.dir/build
make[1]: Entering directory '/home/jaredl/ros_home/Turtle-Bot/build/CMakeFiles/CMakeTmp'
Building C object CMakeFiles/cmTC_28d56.dir/CheckSymbolExists.c.o
/usr/bin/cc     -o CMakeFiles/cmTC_28d56.dir/CheckSymbolExists.c.o   -c /home/jaredl/ros_home/Turtle-Bot/build/CMakeFiles/CMakeTmp/CheckSymbolExists.c
Linking C executable cmTC_28d56
/usr/bin/cmake -E cmake_link_script CMakeFiles/cmTC_28d56.dir/link.txt --verbose=1
/usr/bin/cc       CMakeFiles/cmTC_28d56.dir/CheckSymbolExists.c.o  -o cmTC_28d56 -rdynamic 
CMakeFiles/cmTC_28d56.dir/CheckSymbolExists.c.o: In function `main':
CheckSymbolExists.c:(.text+0x16): undefined reference to `pthread_create'
collect2: error: ld returned 1 exit status
CMakeFiles/cmTC_28d56.dir/build.make:97: recipe for target 'cmTC_28d56' failed
make[1]: *** [cmTC_28d56] Error 1
make[1]: Leaving directory '/home/jaredl/ros_home/Turtle-Bot/build/CMakeFiles/CMakeTmp'
Makefile:126: recipe for target 'cmTC_28d56/fast' failed
make: *** [cmTC_28d56/fast] Error 2

File /home/jaredl/ros_home/Turtle-Bot/build/CMakeFiles/CMakeTmp/CheckSymbolExists.c:
/* */
#include <pthread.h>

int main(int argc, char** argv)
{
  (void)argv;
#ifndef pthread_create
  return ((int*)(&pthread_create))[argc];
#else
  (void)argc;
  return 0;
#endif
}

Determining if the function pthread_create exists in the pthreads failed with the following output:
Change Dir: /home/jaredl/ros_home/Turtle-Bot/build/CMakeFiles/CMakeTmp

Run Build Command:"/usr/bin/make" "cmTC_7329b/fast"
/usr/bin/make -f CMakeFiles/cmTC_7329b.dir/build.make CMakeFiles/cmTC_7329b.dir/build
make[1]: Entering directory '/home/jaredl/ros_home/Turtle-Bot/build/CMakeFiles/CMakeTmp'
Building C object CMakeFiles/cmTC_7329b.dir/CheckFunctionExists.c.o
/usr/bin/cc    -DCHECK_FUNCTION_EXISTS=pthread_create   -o CMakeFiles/cmTC_7329b.dir/CheckFunctionExists.c.o   -c /usr/share/cmake-3.5/Modules/CheckFunctionExists.c
Linking C executable cmTC_7329b
/usr/bin/cmake -E cmake_link_script CMakeFiles/cmTC_7329b.dir/link.txt --verbose=1
/usr/bin/cc   -DCHECK_FUNCTION_EXISTS=pthread_create    CMakeFiles/cmTC_7329b.dir/CheckFunctionExists.c.o  -o cmTC_7329b -rdynamic -lpthreads 
/usr/bin/ld: cannot find -lpthreads
collect2: error: ld returned 1 exit status
CMakeFiles/cmTC_7329b.dir/build.make:97: recipe for target 'cmTC_7329b' failed
make[1]: *** [cmTC_7329b] Error 1
make[1]: Leaving directory '/home/jaredl/ros_home/Turtle-Bot/build/CMakeFiles/CMakeTmp'
Makefile:126: recipe for target 'cmTC_7329b/fast' failed
make: *** [cmTC_7329b/fast] Error 2


Determining if the pthread_create exist failed with the following output:
Change Dir: /home/matthew/ros_home/Turtle-Bot/Turtle-Bot/build/CMakeFiles/CMakeTmp

Run Build Command:"/usr/bin/make" "cmTC_9ba02/fast"
/usr/bin/make -f CMakeFiles/cmTC_9ba02.dir/build.make CMakeFiles/cmTC_9ba02.dir/build
make[1]: Entering directory '/home/matthew/ros_home/Turtle-Bot/Turtle-Bot/build/CMakeFiles/CMakeTmp'
Building C object CMakeFiles/cmTC_9ba02.dir/CheckSymbolExists.c.o
/usr/bin/cc     -o CMakeFiles/cmTC_9ba02.dir/CheckSymbolExists.c.o   -c /home/matthew/ros_home/Turtle-Bot/Turtle-Bot/build/CMakeFiles/CMakeTmp/CheckSymbolExists.c
Linking C executable cmTC_9ba02
/usr/bin/cmake -E cmake_link_script CMakeFiles/cmTC_9ba02.dir/link.txt --verbose=1
/usr/bin/cc       CMakeFiles/cmTC_9ba02.dir/CheckSymbolExists.c.o  -o cmTC_9ba02 -rdynamic 
CMakeFiles/cmTC_9ba02.dir/CheckSymbolExists.c.o: In function `main':
CheckSymbolExists.c:(.text+0x16): undefined reference to `pthread_create'
collect2: error: ld returned 1 exit status
CMakeFiles/cmTC_9ba02.dir/build.make:97: recipe for target 'cmTC_9ba02' failed
make[1]: *** [cmTC_9ba02] Error 1
make[1]: Leaving directory '/home/matthew/ros_home/Turtle-Bot/Turtle-Bot/build/CMakeFiles/CMakeTmp'
Makefile:126: recipe for target 'cmTC_9ba02/fast' failed
make: *** [cmTC_9ba02/fast] Error 2

File /home/matthew/ros_home/Turtle-Bot/Turtle-Bot/build/CMakeFiles/CMakeTmp/CheckSymbolExists.c:
/* */
#include <pthread.h>

int main(int argc, char** argv)
{
  (void)argv;
#ifndef pthread_create
  return ((int*)(&pthread_create))[argc];
#else
  (void)argc;
  return 0;
#endif
}

Determining if the function pthread_create exists in the pthreads failed with the following output:
Change Dir: /home/matthew/ros_home/Turtle-Bot/Turtle-Bot/build/CMakeFiles/CMakeTmp

Run Build Command:"/usr/bin/make" "cmTC_10224/fast"
/usr/bin/make -f CMakeFiles/cmTC_10224.dir/build.make CMakeFiles/cmTC_10224.dir/build
make[1]: Entering directory '/home/matthew/ros_home/Turtle-Bot/Turtle-Bot/build/CMakeFiles/CMakeTmp'
Building C object CMakeFiles/cmTC_10224.dir/CheckFunctionExists.c.o
/usr/bin/cc    -DCHECK_FUNCTION_EXISTS=pthread_create   -o CMakeFiles/cmTC_10224.dir/CheckFunctionExists.c.o   -c /usr/share/cmake-3.5/Modules/CheckFunctionExists.c
Linking C executable cmTC_10224
/usr/bin/cmake -E cmake_link_script CMakeFiles/cmTC_10224.dir/link.txt --verbose=1
/usr/bin/cc   -DCHECK_FUNCTION_EXISTS=pthread_create    CMakeFiles/cmTC_10224.dir/CheckFunctionExists.c.o  -o cmTC_10224 -rdynamic -lpthreads 
/usr/bin/ld: cannot find -lpthreads
collect2: error: ld returned 1 exit status
CMakeFiles/cmTC_10224.dir/build.make:97: recipe for target 'cmTC_10224' failed
make[1]: *** [cmTC_10224] Error 1
make[1]: Leaving directory '/home/matthew/ros_home/Turtle-Bot/Turtle-Bot/build/CMakeFiles/CMakeTmp'
Makefile:126: recipe for target 'cmTC_10224/fast' failed
make: *** [cmTC_10224/fast] Error 2


Determining if the pthread_create exist failed with the following output:
Change Dir: /home/matthew/ros_home/Turtle-Bot/Turtle-Bot/build/CMakeFiles/CMakeTmp

Run Build Command:"/usr/bin/make" "cmTC_3614b/fast"
/usr/bin/make -f CMakeFiles/cmTC_3614b.dir/build.make CMakeFiles/cmTC_3614b.dir/build
make[1]: Entering directory '/home/matthew/ros_home/Turtle-Bot/Turtle-Bot/build/CMakeFiles/CMakeTmp'
Building C object CMakeFiles/cmTC_3614b.dir/CheckSymbolExists.c.o
/usr/bin/cc     -o CMakeFiles/cmTC_3614b.dir/CheckSymbolExists.c.o   -c /home/matthew/ros_home/Turtle-Bot/Turtle-Bot/build/CMakeFiles/CMakeTmp/CheckSymbolExists.c
Linking C executable cmTC_3614b
/usr/bin/cmake -E cmake_link_script CMakeFiles/cmTC_3614b.dir/link.txt --verbose=1
/usr/bin/cc       CMakeFiles/cmTC_3614b.dir/CheckSymbolExists.c.o  -o cmTC_3614b -rdynamic 
CMakeFiles/cmTC_3614b.dir/CheckSymbolExists.c.o: In function `main':
CheckSymbolExists.c:(.text+0x16): undefined reference to `pthread_create'
collect2: error: ld returned 1 exit status
CMakeFiles/cmTC_3614b.dir/build.make:97: recipe for target 'cmTC_3614b' failed
make[1]: *** [cmTC_3614b] Error 1
make[1]: Leaving directory '/home/matthew/ros_home/Turtle-Bot/Turtle-Bot/build/CMakeFiles/CMakeTmp'
Makefile:126: recipe for target 'cmTC_3614b/fast' failed
make: *** [cmTC_3614b/fast] Error 2

File /home/matthew/ros_home/Turtle-Bot/Turtle-Bot/build/CMakeFiles/CMakeTmp/CheckSymbolExists.c:
/* */
#include <pthread.h>

int main(int argc, char** argv)
{
  (void)argv;
#ifndef pthread_create
  return ((int*)(&pthread_create))[argc];
#else
  (void)argc;
  return 0;
#endif
}

Determining if the function pthread_create exists in the pthreads failed with the following output:
Change Dir: /home/matthew/ros_home/Turtle-Bot/Turtle-Bot/build/CMakeFiles/CMakeTmp

Run Build Command:"/usr/bin/make" "cmTC_9ef3d/fast"
/usr/bin/make -f CMakeFiles/cmTC_9ef3d.dir/build.make CMakeFiles/cmTC_9ef3d.dir/build
make[1]: Entering directory '/home/matthew/ros_home/Turtle-Bot/Turtle-Bot/build/CMakeFiles/CMakeTmp'
Building C object CMakeFiles/cmTC_9ef3d.dir/CheckFunctionExists.c.o
/usr/bin/cc    -DCHECK_FUNCTION_EXISTS=pthread_create   -o CMakeFiles/cmTC_9ef3d.dir/CheckFunctionExists.c.o   -c /usr/share/cmake-3.5/Modules/CheckFunctionExists.c
Linking C executable cmTC_9ef3d
/usr/bin/cmake -E cmake_link_script CMakeFiles/cmTC_9ef3d.dir/link.txt --verbose=1
/usr/bin/cc   -DCHECK_FUNCTION_EXISTS=pthread_create    CMakeFiles/cmTC_9ef3d.dir/CheckFunctionExists.c.o  -o cmTC_9ef3d -rdynamic -lpthreads 
/usr/bin/ld: cannot find -lpthreads
collect2: error: ld returned 1 exit status
CMakeFiles/cmTC_9ef3d.dir/build.make:97: recipe for target 'cmTC_9ef3d' failed
make[1]: *** [cmTC_9ef3d] Error 1
make[1]: Leaving directory '/home/matthew/ros_home/Turtle-Bot/Turtle-Bot/build/CMakeFiles/CMakeTmp'
Makefile:126: recipe for target 'cmTC_9ef3d/fast' failed
make: *** [cmTC_9ef3d/fast] Error 2


Determining if the pthread_create exist failed with the following output:
Change Dir: /home/matthew/ros_home/Turtle-Bot/Turtle-Bot/build/CMakeFiles/CMakeTmp

Run Build Command:"/usr/bin/make" "cmTC_b6854/fast"
/usr/bin/make -f CMakeFiles/cmTC_b6854.dir/build.make CMakeFiles/cmTC_b6854.dir/build
make[1]: Entering directory '/home/matthew/ros_home/Turtle-Bot/Turtle-Bot/build/CMakeFiles/CMakeTmp'
Building C object CMakeFiles/cmTC_b6854.dir/CheckSymbolExists.c.o
/usr/bin/cc     -o CMakeFiles/cmTC_b6854.dir/CheckSymbolExists.c.o   -c /home/matthew/ros_home/Turtle-Bot/Turtle-Bot/build/CMakeFiles/CMakeTmp/CheckSymbolExists.c
Linking C executable cmTC_b6854
/usr/bin/cmake -E cmake_link_script CMakeFiles/cmTC_b6854.dir/link.txt --verbose=1
/usr/bin/cc       CMakeFiles/cmTC_b6854.dir/CheckSymbolExists.c.o  -o cmTC_b6854 -rdynamic 
CMakeFiles/cmTC_b6854.dir/CheckSymbolExists.c.o: In function `main':
CheckSymbolExists.c:(.text+0x16): undefined reference to `pthread_create'
collect2: error: ld returned 1 exit status
CMakeFiles/cmTC_b6854.dir/build.make:97: recipe for target 'cmTC_b6854' failed
make[1]: *** [cmTC_b6854] Error 1
make[1]: Leaving directory '/home/matthew/ros_home/Turtle-Bot/Turtle-Bot/build/CMakeFiles/CMakeTmp'
Makefile:126: recipe for target 'cmTC_b6854/fast' failed
make: *** [cmTC_b6854/fast] Error 2

File /home/matthew/ros_home/Turtle-Bot/Turtle-Bot/build/CMakeFiles/CMakeTmp/CheckSymbolExists.c:
/* */
#include <pthread.h>

int main(int argc, char** argv)
{
  (void)argv;
#ifndef pthread_create
  return ((int*)(&pthread_create))[argc];
#else
  (void)argc;
  return 0;
#endif
}

Determining if the function pthread_create exists in the pthreads failed with the following output:
Change Dir: /home/matthew/ros_home/Turtle-Bot/Turtle-Bot/build/CMakeFiles/CMakeTmp

Run Build Command:"/usr/bin/make" "cmTC_6f19f/fast"
/usr/bin/make -f CMakeFiles/cmTC_6f19f.dir/build.make CMakeFiles/cmTC_6f19f.dir/build
make[1]: Entering directory '/home/matthew/ros_home/Turtle-Bot/Turtle-Bot/build/CMakeFiles/CMakeTmp'
Building C object CMakeFiles/cmTC_6f19f.dir/CheckFunctionExists.c.o
/usr/bin/cc    -DCHECK_FUNCTION_EXISTS=pthread_create   -o CMakeFiles/cmTC_6f19f.dir/CheckFunctionExists.c.o   -c /usr/share/cmake-3.5/Modules/CheckFunctionExists.c
Linking C executable cmTC_6f19f
/usr/bin/cmake -E cmake_link_script CMakeFiles/cmTC_6f19f.dir/link.txt --verbose=1
/usr/bin/cc   -DCHECK_FUNCTION_EXISTS=pthread_create    CMakeFiles/cmTC_6f19f.dir/CheckFunctionExists.c.o  -o cmTC_6f19f -rdynamic -lpthreads 
/usr/bin/ld: cannot find -lpthreads
collect2: error: ld returned 1 exit status
CMakeFiles/cmTC_6f19f.dir/build.make:97: recipe for target 'cmTC_6f19f' failed
make[1]: *** [cmTC_6f19f] Error 1
make[1]: Leaving directory '/home/matthew/ros_home/Turtle-Bot/Turtle-Bot/build/CMakeFiles/CMakeTmp'
Makefile:126: recipe for target 'cmTC_6f19f/fast' failed
make: *** [cmTC_6f19f/fast] Error 2


Determining if the pthread_create exist failed with the following output:
Change Dir: /home/jaredl/ros_home/Turtle-Bot/build/CMakeFiles/CMakeTmp

Run Build Command:"/usr/bin/make" "cmTC_d9699/fast"
/usr/bin/make -f CMakeFiles/cmTC_d9699.dir/build.make CMakeFiles/cmTC_d9699.dir/build
make[1]: Entering directory '/home/jaredl/ros_home/Turtle-Bot/build/CMakeFiles/CMakeTmp'
Building C object CMakeFiles/cmTC_d9699.dir/CheckSymbolExists.c.o
/usr/bin/cc     -o CMakeFiles/cmTC_d9699.dir/CheckSymbolExists.c.o   -c /home/jaredl/ros_home/Turtle-Bot/build/CMakeFiles/CMakeTmp/CheckSymbolExists.c
Linking C executable cmTC_d9699
/usr/bin/cmake -E cmake_link_script CMakeFiles/cmTC_d9699.dir/link.txt --verbose=1
/usr/bin/cc       CMakeFiles/cmTC_d9699.dir/CheckSymbolExists.c.o  -o cmTC_d9699 -rdynamic 
CMakeFiles/cmTC_d9699.dir/CheckSymbolExists.c.o: In function `main':
CheckSymbolExists.c:(.text+0x16): undefined reference to `pthread_create'
collect2: error: ld returned 1 exit status
CMakeFiles/cmTC_d9699.dir/build.make:97: recipe for target 'cmTC_d9699' failed
make[1]: *** [cmTC_d9699] Error 1
make[1]: Leaving directory '/home/jaredl/ros_home/Turtle-Bot/build/CMakeFiles/CMakeTmp'
Makefile:126: recipe for target 'cmTC_d9699/fast' failed
make: *** [cmTC_d9699/fast] Error 2

File /home/jaredl/ros_home/Turtle-Bot/build/CMakeFiles/CMakeTmp/CheckSymbolExists.c:
/* */
#include <pthread.h>

int main(int argc, char** argv)
{
  (void)argv;
#ifndef pthread_create
  return ((int*)(&pthread_create))[argc];
#else
  (void)argc;
  return 0;
#endif
}

Determining if the function pthread_create exists in the pthreads failed with the following output:
Change Dir: /home/jaredl/ros_home/Turtle-Bot/build/CMakeFiles/CMakeTmp

Run Build Command:"/usr/bin/make" "cmTC_3a448/fast"
/usr/bin/make -f CMakeFiles/cmTC_3a448.dir/build.make CMakeFiles/cmTC_3a448.dir/build
make[1]: Entering directory '/home/jaredl/ros_home/Turtle-Bot/build/CMakeFiles/CMakeTmp'
Building C object CMakeFiles/cmTC_3a448.dir/CheckFunctionExists.c.o
/usr/bin/cc    -DCHECK_FUNCTION_EXISTS=pthread_create   -o CMakeFiles/cmTC_3a448.dir/CheckFunctionExists.c.o   -c /usr/share/cmake-3.5/Modules/CheckFunctionExists.c
Linking C executable cmTC_3a448
/usr/bin/cmake -E cmake_link_script CMakeFiles/cmTC_3a448.dir/link.txt --verbose=1
/usr/bin/cc   -DCHECK_FUNCTION_EXISTS=pthread_create    CMakeFiles/cmTC_3a448.dir/CheckFunctionExists.c.o  -o cmTC_3a448 -rdynamic -lpthreads 
/usr/bin/ld: cannot find -lpthreads
collect2: error: ld returned 1 exit status
CMakeFiles/cmTC_3a448.dir/build.make:97: recipe for target 'cmTC_3a448' failed
make[1]: *** [cmTC_3a448] Error 1
make[1]: Leaving directory '/home/jaredl/ros_home/Turtle-Bot/build/CMakeFiles/CMakeTmp'
Makefile:126: recipe for target 'cmTC_3a448/fast' failed
make: *** [cmTC_3a448/fast] Error 2


Determining if the pthread_create exist failed with the following output:
Change Dir: /home/jaredl/ros_home/Turtle-Bot/build/CMakeFiles/CMakeTmp

Run Build Command:"/usr/bin/make" "cmTC_988ba/fast"
/usr/bin/make -f CMakeFiles/cmTC_988ba.dir/build.make CMakeFiles/cmTC_988ba.dir/build
make[1]: Entering directory '/home/jaredl/ros_home/Turtle-Bot/build/CMakeFiles/CMakeTmp'
Building C object CMakeFiles/cmTC_988ba.dir/CheckSymbolExists.c.o
/usr/bin/cc     -o CMakeFiles/cmTC_988ba.dir/CheckSymbolExists.c.o   -c /home/jaredl/ros_home/Turtle-Bot/build/CMakeFiles/CMakeTmp/CheckSymbolExists.c
Linking C executable cmTC_988ba
/usr/bin/cmake -E cmake_link_script CMakeFiles/cmTC_988ba.dir/link.txt --verbose=1
/usr/bin/cc       CMakeFiles/cmTC_988ba.dir/CheckSymbolExists.c.o  -o cmTC_988ba -rdynamic 
CMakeFiles/cmTC_988ba.dir/CheckSymbolExists.c.o: In function `main':
CheckSymbolExists.c:(.text+0x16): undefined reference to `pthread_create'
collect2: error: ld returned 1 exit status
CMakeFiles/cmTC_988ba.dir/build.make:97: recipe for target 'cmTC_988ba' failed
make[1]: *** [cmTC_988ba] Error 1
make[1]: Leaving directory '/home/jaredl/ros_home/Turtle-Bot/build/CMakeFiles/CMakeTmp'
Makefile:126: recipe for target 'cmTC_988ba/fast' failed
make: *** [cmTC_988ba/fast] Error 2

File /home/jaredl/ros_home/Turtle-Bot/build/CMakeFiles/CMakeTmp/CheckSymbolExists.c:
/* */
#include <pthread.h>

int main(int argc, char** argv)
{
  (void)argv;
#ifndef pthread_create
  return ((int*)(&pthread_create))[argc];
#else
  (void)argc;
  return 0;
#endif
}

Determining if the function pthread_create exists in the pthreads failed with the following output:
Change Dir: /home/jaredl/ros_home/Turtle-Bot/build/CMakeFiles/CMakeTmp

Run Build Command:"/usr/bin/make" "cmTC_fc357/fast"
/usr/bin/make -f CMakeFiles/cmTC_fc357.dir/build.make CMakeFiles/cmTC_fc357.dir/build
make[1]: Entering directory '/home/jaredl/ros_home/Turtle-Bot/build/CMakeFiles/CMakeTmp'
Building C object CMakeFiles/cmTC_fc357.dir/CheckFunctionExists.c.o
/usr/bin/cc    -DCHECK_FUNCTION_EXISTS=pthread_create   -o CMakeFiles/cmTC_fc357.dir/CheckFunctionExists.c.o   -c /usr/share/cmake-3.5/Modules/CheckFunctionExists.c
Linking C executable cmTC_fc357
/usr/bin/cmake -E cmake_link_script CMakeFiles/cmTC_fc357.dir/link.txt --verbose=1
/usr/bin/cc   -DCHECK_FUNCTION_EXISTS=pthread_create    CMakeFiles/cmTC_fc357.dir/CheckFunctionExists.c.o  -o cmTC_fc357 -rdynamic -lpthreads 
/usr/bin/ld: cannot find -lpthreads
collect2: error: ld returned 1 exit status
CMakeFiles/cmTC_fc357.dir/build.make:97: recipe for target 'cmTC_fc357' failed
make[1]: *** [cmTC_fc357] Error 1
make[1]: Leaving directory '/home/jaredl/ros_home/Turtle-Bot/build/CMakeFiles/CMakeTmp'
Makefile:126: recipe for target 'cmTC_fc357/fast' failed
make: *** [cmTC_fc357/fast] Error 2


